Change Component DesignItemId : Designator=D1 Old DesignItemId=Diode C?u 3A 700V KBP307 New DesignItemId=Diode C?u 3A 700V KBP307
Change Component DesignItemId : Designator=U1 Old DesignItemId=LM2576S - 5.0 DIP New DesignItemId=LM2596S - 5.0
Change Component Footprint: Designator=U1 Old Footprint=TO220-5 New Footprint=TO-263-5
Change Component Comment : Designator=U1 Old Comment=LM2576S - 5.0 DIP New Comment=LM2596S - 5.0
Change Component Description : Designator=LED1 Old Description=3MM Ð? New Description=3MM Ð?
Change Component Description : Designator=C2 Old Description=C?m New Description=C?m
Change Component Description : Designator=C3 Old Description=C?m New Description=C?m
Change Component Description : Designator=C5 Old Description=C?m New Description=C?m
Change Component Description : Designator=C7 Old Description=C?m New Description=C?m
Change Component Description : Designator=D1 Old Description=C?u New Description=C?u
Change Component Description : Designator=F1 Old Description=C?u chì t? ph?c h?i New Description=C?u chì t? ph?c h?i
Change Component Description : Designator=D3 Old Description=Chình luu New Description=Chình luu
Change Component Description : Designator=D4 Old Description=Chình luu New Description=Chình luu
Change Component Description : Designator=D5 Old Description=Chình luu New Description=Chình luu
Change Component Description : Designator=U1 Old Description=IC ?n áp dòng 3A New Description=IC ?n áp dòng 3A
Change Component Description : Designator=R1 Old Description=Tr? C?m New Description=Tr? C?m
Change Component Description : Designator=R2 Old Description=Tr? C?m New Description=Tr? C?m
Change Component Description : Designator=R3 Old Description=Tr? C?m New Description=Tr? C?m
Change Component Description : Designator=R4 Old Description=Tr? C?m New Description=Tr? C?m
Change Component Description : Designator=R5 Old Description=Tr? C?m New Description=Tr? C?m
Change Component Description : Designator=R6 Old Description=Tr? C?m New Description=Tr? C?m
Change Component Description : Designator=R7 Old Description=Tr? C?m New Description=Tr? C?m
Change Component Description : Designator=R8 Old Description=Tr? C?m New Description=Tr? C?m
Change Component Description : Designator=R9 Old Description=Tr? C?m New Description=Tr? C?m
Change Component Description : Designator=R11 Old Description=Tr? C?m New Description=Tr? C?m
Change component parameters: Designator = "RL1"; Footprint = "RELAY 5P"; UniqueID = "\LUYTTMOY"
Change component parameters. Clean all parameters for all variants
Change component parameters (AddParameter): Name = "Ch?ng Lo?i"; Value = "Relay"; VariantName = "[No Variations]"
Change component parameters (AddParameter): Name = "Ki?u Chân"; Value = "DIP"; VariantName = "[No Variations]"
Change component parameters (AddParameter): Name = "Mã MH"; Value = "MH009374"; VariantName = "[No Variations]"
Change component parameters (AddParameter): Name = "S? Chân"; Value = "5"; VariantName = "[No Variations]"
Change component parameters (AddParameter): Name = "Tên LK"; Value = "Relay 5V10A SRD-05VDC-SL-C Chính Hãng"; VariantName = "[No Variations]"
Change component parameters (AddParameter): Name = "ÐVT"; Value = "Con"; VariantName = "[No Variations]"
Change component parameters: Designator = "RL2"; Footprint = "RELAY 5P"; UniqueID = "\MTRPJMVX"
Change component parameters. Clean all parameters for all variants
Change component parameters (AddParameter): Name = "Ch?ng Lo?i"; Value = "Relay"; VariantName = "[No Variations]"
Change component parameters (AddParameter): Name = "Ki?u Chân"; Value = "DIP"; VariantName = "[No Variations]"
Change component parameters (AddParameter): Name = "Mã MH"; Value = "MH009374"; VariantName = "[No Variations]"
Change component parameters (AddParameter): Name = "S? Chân"; Value = "5"; VariantName = "[No Variations]"
Change component parameters (AddParameter): Name = "Tên LK"; Value = "Relay 5V10A SRD-05VDC-SL-C Chính Hãng"; VariantName = "[No Variations]"
Change component parameters (AddParameter): Name = "ÐVT"; Value = "Con"; VariantName = "[No Variations]"
Change component parameters: Designator = "RL3"; Footprint = "RELAY 5P"; UniqueID = "\OPWYXYYT"
Change component parameters. Clean all parameters for all variants
Change component parameters (AddParameter): Name = "Ch?ng Lo?i"; Value = "Relay"; VariantName = "[No Variations]"
Change component parameters (AddParameter): Name = "Ki?u Chân"; Value = "DIP"; VariantName = "[No Variations]"
Change component parameters (AddParameter): Name = "Mã MH"; Value = "MH009374"; VariantName = "[No Variations]"
Change component parameters (AddParameter): Name = "S? Chân"; Value = "5"; VariantName = "[No Variations]"
Change component parameters (AddParameter): Name = "Tên LK"; Value = "Relay 5V10A SRD-05VDC-SL-C Chính Hãng"; VariantName = "[No Variations]"
Change component parameters (AddParameter): Name = "ÐVT"; Value = "Con"; VariantName = "[No Variations]"
Change component parameters: Designator = "BT2"; Footprint = "Button 4pin nho"; UniqueID = "\DPFHTLKO"
Change component parameters. Clean all parameters for all variants
Change component parameters (AddParameter): Name = "Ch?ng Lo?i"; Value = "Button"; VariantName = "[No Variations]"
Change component parameters (AddParameter): Name = "Ki?u Chân"; Value = "6x6"; VariantName = "[No Variations]"
Change component parameters (AddParameter): Name = "Mã MH"; Value = "MH004077"; VariantName = "[No Variations]"
Change component parameters (AddParameter): Name = "S? Chân"; Value = "4"; VariantName = "[No Variations]"
Change component parameters (AddParameter): Name = "Tên LK"; Value = "Nút Nh?n 4 Chân 6x6x9MM DIP"; VariantName = "[No Variations]"
Change component parameters (AddParameter): Name = "ÐVT"; Value = "Con"; VariantName = "[No Variations]"
Change component parameters: Designator = "C2"; Footprint = "tu hoa 8mm"; UniqueID = "\HLKMYKSE"
Change component parameters. Clean all parameters for all variants
Change component parameters (AddParameter): Name = "Ch?ng Lo?i"; Value = "T? c?m"; VariantName = "[No Variations]"
Change component parameters (AddParameter): Name = "Ki?u Chân"; Value = "DIP"; VariantName = "[No Variations]"
Change component parameters (AddParameter): Name = "Mã MH"; Value = "MH006550"; VariantName = "[No Variations]"
Change component parameters (AddParameter): Name = "S? Chân"; Value = "2"; VariantName = "[No Variations]"
Change component parameters (AddParameter): Name = "Tên LK"; Value = "T? Hóa 470uF 16V 8x11MM"; VariantName = "[No Variations]"
Change component parameters (AddParameter): Name = "ÐVT"; Value = "Con"; VariantName = "[No Variations]"
Change component parameters: Designator = "C3"; Footprint = "tu hoa 8mm"; UniqueID = "\ALWDHCGK"
Change component parameters. Clean all parameters for all variants
Change component parameters (AddParameter): Name = "Ch?ng Lo?i"; Value = "T? c?m"; VariantName = "[No Variations]"
Change component parameters (AddParameter): Name = "Ki?u Chân"; Value = "DIP"; VariantName = "[No Variations]"
Change component parameters (AddParameter): Name = "Mã MH"; Value = "MH006550"; VariantName = "[No Variations]"
Change component parameters (AddParameter): Name = "S? Chân"; Value = "2"; VariantName = "[No Variations]"
Change component parameters (AddParameter): Name = "Tên LK"; Value = "T? Hóa 470uF 16V 8x11MM"; VariantName = "[No Variations]"
Change component parameters (AddParameter): Name = "ÐVT"; Value = "Con"; VariantName = "[No Variations]"
Change component parameters: Designator = "H1"; Footprint = "Jump 4"; UniqueID = "\RXPTVUGE"
Change component parameters. Clean all parameters for all variants
Change component parameters (AddParameter): Name = "Ch?ng Lo?i"; Value = "Connector"; VariantName = "[No Variations]"
Change component parameters (AddParameter): Name = "Ki?u Chân"; Value = "DIP"; VariantName = "[No Variations]"
Change component parameters (AddParameter): Name = "Mã MH"; Value = "MH001164"; VariantName = "[No Variations]"
Change component parameters (AddParameter): Name = "S? Chân"; Value = "4"; VariantName = "[No Variations]"
Change component parameters (AddParameter): Name = "Tên LK"; Value = "Jump Ðon Ð?c 2.0MM 1x40P Th?ng"; VariantName = "[No Variations]"
Change component parameters (AddParameter): Name = "ÐVT"; Value = "Cái"; VariantName = "[No Variations]"
Change component parameters: Designator = "H2"; Footprint = "Jump 3"; UniqueID = "\VCNDUIRL"
Change component parameters. Clean all parameters for all variants
Change component parameters (AddParameter): Name = "Ch?ng Lo?i"; Value = "Connector"; VariantName = "[No Variations]"
Change component parameters (AddParameter): Name = "Ki?u Chân"; Value = "DIP 2.54"; VariantName = "[No Variations]"
Change component parameters (AddParameter): Name = "Mã MH"; Value = "MH001164"; VariantName = "[No Variations]"
Change component parameters (AddParameter): Name = "S? Chân"; Value = "3"; VariantName = "[No Variations]"
Change component parameters (AddParameter): Name = "Tên LK"; Value = "Jump Ðon Ð?c 2.0MM 1x40P Th?ng"; VariantName = "[No Variations]"
Change component parameters (AddParameter): Name = "ÐVT"; Value = "Cái"; VariantName = "[No Variations]"
Change component parameters: Designator = "L1"; Footprint = "100uH_3A"; UniqueID = "\MPLYRKAB"
Change component parameters. Clean all parameters for all variants
Change component parameters (AddParameter): Name = "Ch?ng Lo?i"; Value = "Cu?n C?m"; VariantName = "[No Variations]"
Change component parameters (AddParameter): Name = "Ki?u Chân"; Value = "DIP"; VariantName = "[No Variations]"
Change component parameters (AddParameter): Name = "Mã MH"; Value = "MH001797"; VariantName = "[No Variations]"
Change component parameters (AddParameter): Name = "S? Chân"; Value = "2"; VariantName = "[No Variations]"
Change component parameters (AddParameter): Name = "Tên LK"; Value = "Cu?n C?m 100UH 3A LM2576"; VariantName = "[No Variations]"
Change component parameters (AddParameter): Name = "ÐVT"; Value = "Con"; VariantName = "[No Variations]"
Change component parameters: Designator = "LED1"; Footprint = "LED 3mm Do"; UniqueID = "\CDDDMUID"
Change component parameters. Clean all parameters for all variants
Change component parameters (AddParameter): Name = "Ch?ng Lo?i"; Value = "LED"; VariantName = "[No Variations]"
Change component parameters (AddParameter): Name = "Ki?u Chân"; Value = "DIP"; VariantName = "[No Variations]"
Change component parameters (AddParameter): Name = "Mã MH"; Value = "MH003892"; VariantName = "[No Variations]"
Change component parameters (AddParameter): Name = "S? Chân"; Value = "2"; VariantName = "[No Variations]"
Change component parameters (AddParameter): Name = "Tên LK"; Value = "Led 3MM Ph? Ð? (10c)"; VariantName = "[No Variations]"
Change component parameters (AddParameter): Name = "ÐVT"; Value = "Con"; VariantName = "[No Variations]"
Change component parameters: Designator = "LED2"; Footprint = "LED 3MM X LA"; UniqueID = "\MFLGBOVE"
Change component parameters. Clean all parameters for all variants
Change component parameters (AddParameter): Name = "Ch?ng Lo?i"; Value = "LED"; VariantName = "[No Variations]"
Change component parameters (AddParameter): Name = "Ki?u Chân"; Value = "DIP"; VariantName = "[No Variations]"
Change component parameters (AddParameter): Name = "Mã MH"; Value = "MH001054"; VariantName = "[No Variations]"
Change component parameters (AddParameter): Name = "S? Chân"; Value = "2"; VariantName = "[No Variations]"
Change component parameters (AddParameter): Name = "Tên LK"; Value = "Led 3MM Ph? Xanh (10c)"; VariantName = "[No Variations]"
Change component parameters (AddParameter): Name = "ÐVT"; Value = "Con"; VariantName = "[No Variations]"
Change component parameters: Designator = "LED3"; Footprint = "LED 3MM X LA"; UniqueID = "\RCINTUBD"
Change component parameters. Clean all parameters for all variants
Change component parameters (AddParameter): Name = "Ch?ng Lo?i"; Value = "LED"; VariantName = "[No Variations]"
Change component parameters (AddParameter): Name = "Ki?u Chân"; Value = "DIP"; VariantName = "[No Variations]"
Change component parameters (AddParameter): Name = "Mã MH"; Value = "MH001054"; VariantName = "[No Variations]"
Change component parameters (AddParameter): Name = "S? Chân"; Value = "2"; VariantName = "[No Variations]"
Change component parameters (AddParameter): Name = "Tên LK"; Value = "Led 3MM Ph? Xanh (10c)"; VariantName = "[No Variations]"
Change component parameters (AddParameter): Name = "ÐVT"; Value = "Con"; VariantName = "[No Variations]"
Change component parameters: Designator = "LED4"; Footprint = "LED 3MM X LA"; UniqueID = "\NYBEBSNV"
Change component parameters. Clean all parameters for all variants
Change component parameters (AddParameter): Name = "Ch?ng Lo?i"; Value = "LED"; VariantName = "[No Variations]"
Change component parameters (AddParameter): Name = "Ki?u Chân"; Value = "DIP"; VariantName = "[No Variations]"
Change component parameters (AddParameter): Name = "Mã MH"; Value = "MH001054"; VariantName = "[No Variations]"
Change component parameters (AddParameter): Name = "S? Chân"; Value = "2"; VariantName = "[No Variations]"
Change component parameters (AddParameter): Name = "Tên LK"; Value = "Led 3MM Ph? Xanh (10c)"; VariantName = "[No Variations]"
Change component parameters (AddParameter): Name = "ÐVT"; Value = "Con"; VariantName = "[No Variations]"
Change component parameters: Designator = "O1"; Footprint = "PC817 DIP"; UniqueID = "\XWNNRCMW"
Change component parameters. Clean all parameters for all variants
Change component parameters (AddParameter): Name = "Ch?ng Lo?i"; Value = "Opto Quang"; VariantName = "[No Variations]"
Change component parameters (AddParameter): Name = "Ki?u Chân"; Value = "DIP"; VariantName = "[No Variations]"
Change component parameters (AddParameter): Name = "Mã MH"; Value = "MH000638"; VariantName = "[No Variations]"
Change component parameters (AddParameter): Name = "S? Chân"; Value = "4"; VariantName = "[No Variations]"
Change component parameters (AddParameter): Name = "Tên LK"; Value = "EL817 DIP4 OPTO (Thay Th? PC817 DIP)"; VariantName = "[No Variations]"
Change component parameters (AddParameter): Name = "ÐVT"; Value = "Con"; VariantName = "[No Variations]"
Change component parameters: Designator = "O2"; Footprint = "PC817 DIP"; UniqueID = "\HOQNPHST"
Change component parameters. Clean all parameters for all variants
Change component parameters (AddParameter): Name = "Ch?ng Lo?i"; Value = "Opto Quang"; VariantName = "[No Variations]"
Change component parameters (AddParameter): Name = "Ki?u Chân"; Value = "DIP"; VariantName = "[No Variations]"
Change component parameters (AddParameter): Name = "Mã MH"; Value = "MH000638"; VariantName = "[No Variations]"
Change component parameters (AddParameter): Name = "S? Chân"; Value = "4"; VariantName = "[No Variations]"
Change component parameters (AddParameter): Name = "Tên LK"; Value = "EL817 DIP4 OPTO (Thay Th? PC817 DIP)"; VariantName = "[No Variations]"
Change component parameters (AddParameter): Name = "ÐVT"; Value = "Con"; VariantName = "[No Variations]"
Change component parameters: Designator = "O3"; Footprint = "PC817 DIP"; UniqueID = "\DSNHDVEU"
Change component parameters. Clean all parameters for all variants
Change component parameters (AddParameter): Name = "Ch?ng Lo?i"; Value = "Opto Quang"; VariantName = "[No Variations]"
Change component parameters (AddParameter): Name = "Ki?u Chân"; Value = "DIP"; VariantName = "[No Variations]"
Change component parameters (AddParameter): Name = "Mã MH"; Value = "MH000638"; VariantName = "[No Variations]"
Change component parameters (AddParameter): Name = "S? Chân"; Value = "4"; VariantName = "[No Variations]"
Change component parameters (AddParameter): Name = "Tên LK"; Value = "EL817 DIP4 OPTO (Thay Th? PC817 DIP)"; VariantName = "[No Variations]"
Change component parameters (AddParameter): Name = "ÐVT"; Value = "Con"; VariantName = "[No Variations]"
Change component parameters: Designator = "O4"; Footprint = "PC817 DIP"; UniqueID = "\FELLWDPV"
Change component parameters. Clean all parameters for all variants
Change component parameters (AddParameter): Name = "Ch?ng Lo?i"; Value = "Opto Quang"; VariantName = "[No Variations]"
Change component parameters (AddParameter): Name = "Ki?u Chân"; Value = "DIP"; VariantName = "[No Variations]"
Change component parameters (AddParameter): Name = "Mã MH"; Value = "MH000638"; VariantName = "[No Variations]"
Change component parameters (AddParameter): Name = "S? Chân"; Value = "4"; VariantName = "[No Variations]"
Change component parameters (AddParameter): Name = "Tên LK"; Value = "EL817 DIP4 OPTO (Thay Th? PC817 DIP)"; VariantName = "[No Variations]"
Change component parameters (AddParameter): Name = "ÐVT"; Value = "Con"; VariantName = "[No Variations]"
Change component parameters: Designator = "P1"; Footprint = "CON 2KF 301"; UniqueID = "\NPXHEGKI"
Change component parameters. Clean all parameters for all variants
Change component parameters (AddParameter): Name = "Ch?ng Lo?i"; Value = "Connector"; VariantName = "[No Variations]"
Change component parameters (AddParameter): Name = "Ki?u Chân"; Value = "DIP"; VariantName = "[No Variations]"
Change component parameters (AddParameter): Name = "Mã MH"; Value = "MH000987"; VariantName = "[No Variations]"
Change component parameters (AddParameter): Name = "S? Chân"; Value = "2"; VariantName = "[No Variations]"
Change component parameters (AddParameter): Name = "Tên LK"; Value = "CON 2 KF301-2P 5.08MM Xanh Duong (5 chi?c)"; VariantName = "[No Variations]"
Change component parameters (AddParameter): Name = "ÐVT"; Value = "Cái"; VariantName = "[No Variations]"
Change component parameters: Designator = "P2"; Footprint = "CON 2KF 301"; UniqueID = "\HDVYBEYB"
Change component parameters. Clean all parameters for all variants
Change component parameters (AddParameter): Name = "Ch?ng Lo?i"; Value = "Connector"; VariantName = "[No Variations]"
Change component parameters (AddParameter): Name = "Ki?u Chân"; Value = "DIP"; VariantName = "[No Variations]"
Change component parameters (AddParameter): Name = "Mã MH"; Value = "MH000987"; VariantName = "[No Variations]"
Change component parameters (AddParameter): Name = "S? Chân"; Value = "2"; VariantName = "[No Variations]"
Change component parameters (AddParameter): Name = "Tên LK"; Value = "CON 2 KF301-2P 5.08MM Xanh Duong (5 chi?c)"; VariantName = "[No Variations]"
Change component parameters (AddParameter): Name = "ÐVT"; Value = "Cái"; VariantName = "[No Variations]"
Change component parameters: Designator = "P3"; Footprint = "CON 2KF 301"; UniqueID = "\LTXMHQDV"
Change component parameters. Clean all parameters for all variants
Change component parameters (AddParameter): Name = "Ch?ng Lo?i"; Value = "Connector"; VariantName = "[No Variations]"
Change component parameters (AddParameter): Name = "Ki?u Chân"; Value = "DIP"; VariantName = "[No Variations]"
Change component parameters (AddParameter): Name = "Mã MH"; Value = "MH000987"; VariantName = "[No Variations]"
Change component parameters (AddParameter): Name = "S? Chân"; Value = "2"; VariantName = "[No Variations]"
Change component parameters (AddParameter): Name = "Tên LK"; Value = "CON 2 KF301-2P 5.08MM Xanh Duong (5 chi?c)"; VariantName = "[No Variations]"
Change component parameters (AddParameter): Name = "ÐVT"; Value = "Cái"; VariantName = "[No Variations]"
Change component parameters: Designator = "P4"; Footprint = "CON 3KF 301"; UniqueID = "\LUPAMPTI"
Change component parameters. Clean all parameters for all variants
Change component parameters (AddParameter): Name = "Ch?ng Lo?i"; Value = "Connector"; VariantName = "[No Variations]"
Change component parameters (AddParameter): Name = "Ki?u Chân"; Value = "DIP"; VariantName = "[No Variations]"
Change component parameters (AddParameter): Name = "Mã MH"; Value = "MH000986"; VariantName = "[No Variations]"
Change component parameters (AddParameter): Name = "S? Chân"; Value = "3"; VariantName = "[No Variations]"
Change component parameters (AddParameter): Name = "Tên LK"; Value = "CON 3 KF301-3P 5.08MM Xanh Duong"; VariantName = "[No Variations]"
Change component parameters (AddParameter): Name = "ÐVT"; Value = "Con"; VariantName = "[No Variations]"
Change component parameters: Designator = "P5"; Footprint = "CON 3KF 301"; UniqueID = "\SIPSLDUW"
Change component parameters. Clean all parameters for all variants
Change component parameters (AddParameter): Name = "Ch?ng Lo?i"; Value = "Connector"; VariantName = "[No Variations]"
Change component parameters (AddParameter): Name = "Ki?u Chân"; Value = "DIP"; VariantName = "[No Variations]"
Change component parameters (AddParameter): Name = "Mã MH"; Value = "MH000986"; VariantName = "[No Variations]"
Change component parameters (AddParameter): Name = "S? Chân"; Value = "3"; VariantName = "[No Variations]"
Change component parameters (AddParameter): Name = "Tên LK"; Value = "CON 3 KF301-3P 5.08MM Xanh Duong"; VariantName = "[No Variations]"
Change component parameters (AddParameter): Name = "ÐVT"; Value = "Con"; VariantName = "[No Variations]"
Change component parameters: Designator = "P6"; Footprint = "CON 3KF 301"; UniqueID = "\BAAUYLVQ"
Change component parameters. Clean all parameters for all variants
Change component parameters (AddParameter): Name = "Ch?ng Lo?i"; Value = "Connector"; VariantName = "[No Variations]"
Change component parameters (AddParameter): Name = "Ki?u Chân"; Value = "DIP"; VariantName = "[No Variations]"
Change component parameters (AddParameter): Name = "Mã MH"; Value = "MH000986"; VariantName = "[No Variations]"
Change component parameters (AddParameter): Name = "S? Chân"; Value = "3"; VariantName = "[No Variations]"
Change component parameters (AddParameter): Name = "Tên LK"; Value = "CON 3 KF301-3P 5.08MM Xanh Duong"; VariantName = "[No Variations]"
Change component parameters (AddParameter): Name = "ÐVT"; Value = "Con"; VariantName = "[No Variations]"
Change component parameters: Designator = "Arduino NANO 1"; Footprint = "ARDUINO NANO"; UniqueID = "\TLYMPVGX"
Change component parameters. Clean all parameters for all variants
Change component parameters (AddParameter): Name = "Ch?ng Lo?i"; Value = "Module"; VariantName = "[No Variations]"
Change component parameters (AddParameter): Name = "Ki?u Chân"; Value = "DIP"; VariantName = "[No Variations]"
Change component parameters (AddParameter): Name = "Noi Bán"; Value = "banlinhkien.com"; VariantName = "[No Variations]"
Change component parameters (AddParameter): Name = "S? Chân"; Value = "30"; VariantName = "[No Variations]"
Change component parameters (AddParameter): Name = "Tên LK"; Value = "Arduino Nano 3.0 328 Mini CH340"; VariantName = "[No Variations]"
Change component parameters (AddParameter): Name = "ÐVT"; Value = "Cái"; VariantName = "[No Variations]"
Change component parameters: Designator = "D2"; Footprint = "DIODE 2A"; UniqueID = "\MXFSTWBS"
Change component parameters. Clean all parameters for all variants
Change component parameters (AddParameter): Name = "Ch?ng Lo?i"; Value = "Diode"; VariantName = "[No Variations]"
Change component parameters (AddParameter): Name = "Ki?u chân"; Value = "DIP"; VariantName = "[No Variations]"
Change component parameters (AddParameter): Name = "Noi Bán"; Value = "banlinhkien.com"; VariantName = "[No Variations]"
Change component parameters (AddParameter): Name = "S? Chân"; Value = "2"; VariantName = "[No Variations]"
Change component parameters (AddParameter): Name = "Tên LK"; Value = "1N5822 DO-210AD Diode Schottky 3A 40V (DIP)"; VariantName = "[No Variations]"
Change component parameters (AddParameter): Name = "ÐVT"; Value = "Con"; VariantName = "[No Variations]"
Change component parameters: Designator = "D3"; Footprint = "DIODE 1A"; UniqueID = "\EMTNYJEC"
Change component parameters. Clean all parameters for all variants
Change component parameters (AddParameter): Name = "Ch?ng Lo?i"; Value = "Diode"; VariantName = "[No Variations]"
Change component parameters (AddParameter): Name = "Ki?u chân"; Value = "DIP"; VariantName = "[No Variations]"
Change component parameters (AddParameter): Name = "Noi Bán"; Value = "banlinhkien.com"; VariantName = "[No Variations]"
Change component parameters (AddParameter): Name = "S? Chân"; Value = "2"; VariantName = "[No Variations]"
Change component parameters (AddParameter): Name = "Tên LK"; Value = "Diode 1N4007 1A (DIP) (10c)"; VariantName = "[No Variations]"
Change component parameters (AddParameter): Name = "ÐVT"; Value = "Con"; VariantName = "[No Variations]"
Change component parameters: Designator = "D4"; Footprint = "DIODE 1A"; UniqueID = "\DADXUPMF"
Change component parameters. Clean all parameters for all variants
Change component parameters (AddParameter): Name = "Ch?ng Lo?i"; Value = "Diode"; VariantName = "[No Variations]"
Change component parameters (AddParameter): Name = "Ki?u chân"; Value = "DIP"; VariantName = "[No Variations]"
Change component parameters (AddParameter): Name = "Noi Bán"; Value = "banlinhkien.com"; VariantName = "[No Variations]"
Change component parameters (AddParameter): Name = "S? Chân"; Value = "2"; VariantName = "[No Variations]"
Change component parameters (AddParameter): Name = "Tên LK"; Value = "Diode 1N4007 1A (DIP) (10c)"; VariantName = "[No Variations]"
Change component parameters (AddParameter): Name = "ÐVT"; Value = "Con"; VariantName = "[No Variations]"
Change component parameters: Designator = "D5"; Footprint = "DIODE 1A"; UniqueID = "\ETXAAYKT"
Change component parameters. Clean all parameters for all variants
Change component parameters (AddParameter): Name = "Ch?ng Lo?i"; Value = "Diode"; VariantName = "[No Variations]"
Change component parameters (AddParameter): Name = "Ki?u chân"; Value = "DIP"; VariantName = "[No Variations]"
Change component parameters (AddParameter): Name = "Noi Bán"; Value = "banlinhkien.com"; VariantName = "[No Variations]"
Change component parameters (AddParameter): Name = "S? Chân"; Value = "2"; VariantName = "[No Variations]"
Change component parameters (AddParameter): Name = "Tên LK"; Value = "Diode 1N4007 1A (DIP) (10c)"; VariantName = "[No Variations]"
Change component parameters (AddParameter): Name = "ÐVT"; Value = "Con"; VariantName = "[No Variations]"
Change component parameters: Designator = "PI 1"; Footprint = "RASPBERRY PI 4 - MOD"; UniqueID = "\VLEILABQ"
Change component parameters. Clean all parameters for all variants
Change component parameters (AddParameter): Name = "Ch?ng Lo?i"; Value = "Module"; VariantName = "[No Variations]"
Change component parameters (AddParameter): Name = "Ki?u Chân"; Value = "DIP"; VariantName = "[No Variations]"
Change component parameters (AddParameter): Name = "Noi Bán"; Value = "shoppe.vn"; VariantName = "[No Variations]"
Change component parameters (AddParameter): Name = "S? Chân"; Value = "40"; VariantName = "[No Variations]"
Change component parameters (AddParameter): Name = "Tên LK"; Value = "Raspberry Pi 4"; VariantName = "[No Variations]"
Change component parameters (AddParameter): Name = "ÐVT"; Value = "Cái"; VariantName = "[No Variations]"
Change component parameters: Designator = "U2"; Footprint = "TO-92"; UniqueID = "\NSTWYXPG"
Change component parameters. Clean all parameters for all variants
Change component parameters (AddParameter): Name = "Ch?ng Lo?i"; Value = "Trans NPN"; VariantName = "[No Variations]"
Change component parameters (AddParameter): Name = "Ki?u Chân"; Value = "DIP"; VariantName = "[No Variations]"
Change component parameters (AddParameter): Name = "Noi Bán"; Value = "banlinhkien.com"; VariantName = "[No Variations]"
Change component parameters (AddParameter): Name = "S? Chân"; Value = "3"; VariantName = "[No Variations]"
Change component parameters (AddParameter): Name = "Tên LK"; Value = "C1815 TO92 TRANS NPN 0.15A 50V (DIP) (5c)"; VariantName = "[No Variations]"
Change component parameters (AddParameter): Name = "ÐVT"; Value = "Con"; VariantName = "[No Variations]"
Change component parameters: Designator = "U3"; Footprint = "TO-92"; UniqueID = "\XELVLPDI"
Change component parameters. Clean all parameters for all variants
Change component parameters (AddParameter): Name = "Ch?ng Lo?i"; Value = "Trans NPN"; VariantName = "[No Variations]"
Change component parameters (AddParameter): Name = "Ki?u Chân"; Value = "DIP"; VariantName = "[No Variations]"
Change component parameters (AddParameter): Name = "Noi Bán"; Value = "banlinhkien.com"; VariantName = "[No Variations]"
Change component parameters (AddParameter): Name = "S? Chân"; Value = "3"; VariantName = "[No Variations]"
Change component parameters (AddParameter): Name = "Tên LK"; Value = "C1815 TO92 TRANS NPN 0.15A 50V (DIP) (5c)"; VariantName = "[No Variations]"
Change component parameters (AddParameter): Name = "ÐVT"; Value = "Con"; VariantName = "[No Variations]"
Change component parameters: Designator = "U4"; Footprint = "TO-92"; UniqueID = "\KUQABUSC"
Change component parameters. Clean all parameters for all variants
Change component parameters (AddParameter): Name = "Ch?ng Lo?i"; Value = "Trans NPN"; VariantName = "[No Variations]"
Change component parameters (AddParameter): Name = "Ki?u Chân"; Value = "DIP"; VariantName = "[No Variations]"
Change component parameters (AddParameter): Name = "Noi Bán"; Value = "banlinhkien.com"; VariantName = "[No Variations]"
Change component parameters (AddParameter): Name = "S? Chân"; Value = "3"; VariantName = "[No Variations]"
Change component parameters (AddParameter): Name = "Tên LK"; Value = "C1815 TO92 TRANS NPN 0.15A 50V (DIP) (5c)"; VariantName = "[No Variations]"
Change component parameters (AddParameter): Name = "ÐVT"; Value = "Con"; VariantName = "[No Variations]"
Change component parameters: Designator = "U1"; Footprint = "TO-263-5"; UniqueID = "\YLNNQRML"
Change component parameters. Clean all parameters for all variants
Change component parameters (AddParameter): Name = "Ch?ng Lo?i"; Value = "IC BUCK"; VariantName = "[No Variations]"
Change component parameters (AddParameter): Name = "Ki?u Chân"; Value = "TO263"; VariantName = "[No Variations]"
Change component parameters (AddParameter): Name = "Mã MH"; Value = "MH002359"; VariantName = "[No Variations]"
Change component parameters (AddParameter): Name = "S? Chân"; Value = "5"; VariantName = "[No Variations]"
Change component parameters (AddParameter): Name = "Tên LK"; Value = "LM2596S-5.0V BUCK 5V 3A TO263-5"; VariantName = "[No Variations]"
Change component parameters (AddParameter): Name = "ÐVT"; Value = "Con"; VariantName = "[No Variations]"
Change component parameters: Designator = "C1"; Footprint = "Tu gom"; UniqueID = "\XWEMRGSD"
Change component parameters. Clean all parameters for all variants
Change component parameters (AddParameter): Name = "Ch?ng Lo?i"; Value = "T?"; VariantName = "[No Variations]"
Change component parameters (AddParameter): Name = "Ki?u Chân"; Value = "DIP"; VariantName = "[No Variations]"
Change component parameters (AddParameter): Name = "Noi Bán"; Value = "banlinhkien.com"; VariantName = "[No Variations]"
Change component parameters (AddParameter): Name = "S? Chân"; Value = "2"; VariantName = "[No Variations]"
Change component parameters (AddParameter): Name = "Tên LK"; Value = "T? G?m 104 100nF 50V (10c)"; VariantName = "[No Variations]"
Change component parameters (AddParameter): Name = "ÐVT"; Value = "Con"; VariantName = "[No Variations]"
Change component parameters: Designator = "C4"; Footprint = "Tu gom"; UniqueID = "\CMFPIBSP"
Change component parameters. Clean all parameters for all variants
Change component parameters (AddParameter): Name = "Ch?ng Lo?i"; Value = "T?"; VariantName = "[No Variations]"
Change component parameters (AddParameter): Name = "Ki?u Chân"; Value = "DIP"; VariantName = "[No Variations]"
Change component parameters (AddParameter): Name = "Noi Bán"; Value = "banlinhkien.com"; VariantName = "[No Variations]"
Change component parameters (AddParameter): Name = "S? Chân"; Value = "2"; VariantName = "[No Variations]"
Change component parameters (AddParameter): Name = "Tên LK"; Value = "T? G?m 104 100nF 50V (10c)"; VariantName = "[No Variations]"
Change component parameters (AddParameter): Name = "ÐVT"; Value = "Con"; VariantName = "[No Variations]"
Change component parameters: Designator = "C5"; Footprint = "tu hoa 6.5mm"; UniqueID = "\FMSWCKVC"
Change component parameters. Clean all parameters for all variants
Change component parameters (AddParameter): Name = "Ch?ng Lo?i"; Value = "T? c?m"; VariantName = "[No Variations]"
Change component parameters (AddParameter): Name = "Ki?u Chân"; Value = "DIP"; VariantName = "[No Variations]"
Change component parameters (AddParameter): Name = "Noi bán"; Value = "banlinhkien.com"; VariantName = "[No Variations]"
Change component parameters (AddParameter): Name = "S? Chân"; Value = "2"; VariantName = "[No Variations]"
Change component parameters (AddParameter): Name = "Tên LK"; Value = "T? Hóa 220uF 16V 7x11MM"; VariantName = "[No Variations]"
Change component parameters (AddParameter): Name = "ÐVT"; Value = "Con"; VariantName = "[No Variations]"
Change component parameters: Designator = "C6"; Footprint = "Tu gom"; UniqueID = "\MLHTXRSE"
Change component parameters. Clean all parameters for all variants
Change component parameters (AddParameter): Name = "Ch?ng Lo?i"; Value = "T?"; VariantName = "[No Variations]"
Change component parameters (AddParameter): Name = "Ki?u Chân"; Value = "DIP"; VariantName = "[No Variations]"
Change component parameters (AddParameter): Name = "Noi Bán"; Value = "banlinhkien.com"; VariantName = "[No Variations]"
Change component parameters (AddParameter): Name = "S? Chân"; Value = "2"; VariantName = "[No Variations]"
Change component parameters (AddParameter): Name = "Tên LK"; Value = "T? G?m 104 100nF 50V (10c)"; VariantName = "[No Variations]"
Change component parameters (AddParameter): Name = "ÐVT"; Value = "Con"; VariantName = "[No Variations]"
Change component parameters: Designator = "C7"; Footprint = "tu hoa 8mm"; UniqueID = "\TETHVPLX"
Change component parameters. Clean all parameters for all variants
Change component parameters (AddParameter): Name = "Ch?ng Lo?i"; Value = "T? hóa"; VariantName = "[No Variations]"
Change component parameters (AddParameter): Name = "Ki?u Chân"; Value = "DIP"; VariantName = "[No Variations]"
Change component parameters (AddParameter): Name = "Noi Bán"; Value = "banlinhkien.com"; VariantName = "[No Variations]"
Change component parameters (AddParameter): Name = "S? Chân"; Value = "2"; VariantName = "[No Variations]"
Change component parameters (AddParameter): Name = "Tên LK"; Value = "T? Hóa 1000uF 16V 8x20MM"; VariantName = "[No Variations]"
Change component parameters (AddParameter): Name = "ÐVT"; Value = "Con"; VariantName = "[No Variations]"
Change component parameters: Designator = "C8"; Footprint = "Tu gom"; UniqueID = "\YTFWEUIC"
Change component parameters. Clean all parameters for all variants
Change component parameters (AddParameter): Name = "Ch?ng Lo?i"; Value = "T?"; VariantName = "[No Variations]"
Change component parameters (AddParameter): Name = "Ki?u Chân"; Value = "DIP"; VariantName = "[No Variations]"
Change component parameters (AddParameter): Name = "Noi Bán"; Value = "banlinhkien.com"; VariantName = "[No Variations]"
Change component parameters (AddParameter): Name = "S? Chân"; Value = "2"; VariantName = "[No Variations]"
Change component parameters (AddParameter): Name = "Tên LK"; Value = "T? G?m 104 100nF 50V (10c)"; VariantName = "[No Variations]"
Change component parameters (AddParameter): Name = "ÐVT"; Value = "Con"; VariantName = "[No Variations]"
Change component parameters: Designator = "C9"; Footprint = "Tu gom"; UniqueID = "\ISQJUKEM"
Change component parameters. Clean all parameters for all variants
Change component parameters (AddParameter): Name = "Ch?ng Lo?i"; Value = "T?"; VariantName = "[No Variations]"
Change component parameters (AddParameter): Name = "Ki?u Chân"; Value = "DIP"; VariantName = "[No Variations]"
Change component parameters (AddParameter): Name = "Noi Bán"; Value = "banlinhkien.com"; VariantName = "[No Variations]"
Change component parameters (AddParameter): Name = "S? Chân"; Value = "2"; VariantName = "[No Variations]"
Change component parameters (AddParameter): Name = "Tên LK"; Value = "T? G?m 104 100nF 50V (10c)"; VariantName = "[No Variations]"
Change component parameters (AddParameter): Name = "ÐVT"; Value = "Con"; VariantName = "[No Variations]"
Change component parameters: Designator = "C10"; Footprint = "Tu gom"; UniqueID = "\CFUTWLBF"
Change component parameters. Clean all parameters for all variants
Change component parameters (AddParameter): Name = "Ch?ng Lo?i"; Value = "T?"; VariantName = "[No Variations]"
Change component parameters (AddParameter): Name = "Ki?u Chân"; Value = "DIP"; VariantName = "[No Variations]"
Change component parameters (AddParameter): Name = "Noi Bán"; Value = "banlinhkien.com"; VariantName = "[No Variations]"
Change component parameters (AddParameter): Name = "S? Chân"; Value = "2"; VariantName = "[No Variations]"
Change component parameters (AddParameter): Name = "Tên LK"; Value = "T? G?m 104 100nF 50V (10c)"; VariantName = "[No Variations]"
Change component parameters (AddParameter): Name = "ÐVT"; Value = "Con"; VariantName = "[No Variations]"
Change component parameters: Designator = "C11"; Footprint = "Tu gom"; UniqueID = "\LPJHXCJT"
Change component parameters. Clean all parameters for all variants
Change component parameters (AddParameter): Name = "Ch?ng Lo?i"; Value = "T?"; VariantName = "[No Variations]"
Change component parameters (AddParameter): Name = "Ki?u Chân"; Value = "DIP"; VariantName = "[No Variations]"
Change component parameters (AddParameter): Name = "Noi Bán"; Value = "banlinhkien.com"; VariantName = "[No Variations]"
Change component parameters (AddParameter): Name = "S? Chân"; Value = "2"; VariantName = "[No Variations]"
Change component parameters (AddParameter): Name = "Tên LK"; Value = "T? G?m 104 100nF 50V (10c)"; VariantName = "[No Variations]"
Change component parameters (AddParameter): Name = "ÐVT"; Value = "Con"; VariantName = "[No Variations]"
Change component parameters: Designator = "C12"; Footprint = "Tu gom"; UniqueID = "\OMJWOHBA"
Change component parameters. Clean all parameters for all variants
Change component parameters (AddParameter): Name = "Ch?ng Lo?i"; Value = "T?"; VariantName = "[No Variations]"
Change component parameters (AddParameter): Name = "Ki?u Chân"; Value = "DIP"; VariantName = "[No Variations]"
Change component parameters (AddParameter): Name = "Noi Bán"; Value = "banlinhkien.com"; VariantName = "[No Variations]"
Change component parameters (AddParameter): Name = "S? Chân"; Value = "2"; VariantName = "[No Variations]"
Change component parameters (AddParameter): Name = "Tên LK"; Value = "T? G?m 104 100nF 50V (10c)"; VariantName = "[No Variations]"
Change component parameters (AddParameter): Name = "ÐVT"; Value = "Con"; VariantName = "[No Variations]"
Change component parameters: Designator = "C13"; Footprint = "Tu gom"; UniqueID = "\PODSQQAA"
Change component parameters. Clean all parameters for all variants
Change component parameters (AddParameter): Name = "Ch?ng Lo?i"; Value = "T?"; VariantName = "[No Variations]"
Change component parameters (AddParameter): Name = "Ki?u Chân"; Value = "DIP"; VariantName = "[No Variations]"
Change component parameters (AddParameter): Name = "Noi Bán"; Value = "banlinhkien.com"; VariantName = "[No Variations]"
Change component parameters (AddParameter): Name = "S? Chân"; Value = "2"; VariantName = "[No Variations]"
Change component parameters (AddParameter): Name = "Tên LK"; Value = "T? G?m 104 100nF 50V (10c)"; VariantName = "[No Variations]"
Change component parameters (AddParameter): Name = "ÐVT"; Value = "Con"; VariantName = "[No Variations]"
Change component parameters: Designator = "C14"; Footprint = "Tu gom"; UniqueID = "\WJTEOFUQ"
Change component parameters. Clean all parameters for all variants
Change component parameters (AddParameter): Name = "Ch?ng Lo?i"; Value = "T?"; VariantName = "[No Variations]"
Change component parameters (AddParameter): Name = "Ki?u Chân"; Value = "DIP"; VariantName = "[No Variations]"
Change component parameters (AddParameter): Name = "Noi Bán"; Value = "banlinhkien.com"; VariantName = "[No Variations]"
Change component parameters (AddParameter): Name = "S? Chân"; Value = "2"; VariantName = "[No Variations]"
Change component parameters (AddParameter): Name = "Tên LK"; Value = "T? G?m 104 100nF 50V (10c)"; VariantName = "[No Variations]"
Change component parameters (AddParameter): Name = "ÐVT"; Value = "Con"; VariantName = "[No Variations]"
Change component parameters: Designator = "D1"; Footprint = "Diode Cau"; UniqueID = "\BTXCWVVT"
Change component parameters. Clean all parameters for all variants
Change component parameters (AddParameter): Name = "Ch?ng Lo?i"; Value = "Diode"; VariantName = "[No Variations]"
Change component parameters (AddParameter): Name = "Ki?u Chân"; Value = "DIP"; VariantName = "[No Variations]"
Change component parameters (AddParameter): Name = "Noi Bán"; Value = "banlinhkien.com"; VariantName = "[No Variations]"
Change component parameters (AddParameter): Name = "S? Chân"; Value = "4"; VariantName = "[No Variations]"
Change component parameters (AddParameter): Name = "Tên LK"; Value = "Diode C?u 3A 700V KBP307"; VariantName = "[No Variations]"
Change component parameters (AddParameter): Name = "ÐVT"; Value = "Con"; VariantName = "[No Variations]"
Change component parameters: Designator = "F1"; Footprint = "RUEF400"; UniqueID = "\XMFIKGSS"
Change component parameters. Clean all parameters for all variants
Change component parameters (AddParameter): Name = "Ch?ng Lo?i"; Value = "C?u chì t? ph?c h?i"; VariantName = "[No Variations]"
Change component parameters (AddParameter): Name = "Ki?u Chân"; Value = "DIP"; VariantName = "[No Variations]"
Change component parameters (AddParameter): Name = "Noi bán"; Value = "banlinhkien.com"; VariantName = "[No Variations]"
Change component parameters (AddParameter): Name = "S? Chân"; Value = "2"; VariantName = "[No Variations]"
Change component parameters (AddParameter): Name = "Tên LK"; Value = "C?u Chì T? Ph?c H?i 3A 30V DIP RUEF300"; VariantName = "[No Variations]"
Change component parameters (AddParameter): Name = "ÐVT"; Value = "Con"; VariantName = "[No Variations]"
Change component parameters: Designator = "L2"; Footprint = "100uH_3A"; UniqueID = "\GFLFJWHP"
Change component parameters. Clean all parameters for all variants
Change component parameters (AddParameter): Name = "Ch?ng Lo?i"; Value = "Cu?n C?m"; VariantName = "[No Variations]"
Change component parameters (AddParameter): Name = "Ki?u Chân"; Value = "DIP"; VariantName = "[No Variations]"
Change component parameters (AddParameter): Name = "Noi Bán"; Value = "banlinhkien.com"; VariantName = "[No Variations]"
Change component parameters (AddParameter): Name = "S? Chân"; Value = "2"; VariantName = "[No Variations]"
Change component parameters (AddParameter): Name = "Tên LK"; Value = "Cu?n C?m 33uH 3A LM2576"; VariantName = "[No Variations]"
Change component parameters (AddParameter): Name = "ÐVT"; Value = "Con"; VariantName = "[No Variations]"
Change component parameters: Designator = "R1"; Footprint = "Tro Vach 1/4W"; UniqueID = "\LNXYAYQO"
Change component parameters. Clean all parameters for all variants
Change component parameters (AddParameter): Name = "Ch?ng Lo?i"; Value = "Tr?"; VariantName = "[No Variations]"
Change component parameters (AddParameter): Name = "Ki?u Chân"; Value = "DIP"; VariantName = "[No Variations]"
Change component parameters (AddParameter): Name = "Noi bán"; Value = "banlinhkien.com"; VariantName = "[No Variations]"
Change component parameters (AddParameter): Name = "S? Chân"; Value = "2"; VariantName = "[No Variations]"
Change component parameters (AddParameter): Name = "Tên LK"; Value = "Tr? V?ch 1/4W 5% 560R (50c)"; VariantName = "[No Variations]"
Change component parameters (AddParameter): Name = "ÐVT"; Value = "Con"; VariantName = "[No Variations]"
Change component parameters: Designator = "R2"; Footprint = "Tro Vach 1/4W"; UniqueID = "\NNSPNGHL"
Change component parameters. Clean all parameters for all variants
Change component parameters (AddParameter): Name = "Ch?ng Lo?i"; Value = "Tr?"; VariantName = "[No Variations]"
Change component parameters (AddParameter): Name = "Ki?u Chân"; Value = "DIP"; VariantName = "[No Variations]"
Change component parameters (AddParameter): Name = "Noi bán"; Value = "banlinhkien.com"; VariantName = "[No Variations]"
Change component parameters (AddParameter): Name = "S? Chân"; Value = "2"; VariantName = "[No Variations]"
Change component parameters (AddParameter): Name = "Tên LK"; Value = "Tr? V?ch 1/4W 5% 560R (50c)"; VariantName = "[No Variations]"
Change component parameters (AddParameter): Name = "ÐVT"; Value = "Con"; VariantName = "[No Variations]"
Change component parameters: Designator = "R3"; Footprint = "Tro Vach 1/4W"; UniqueID = "\ODSOSNDQ"
Change component parameters. Clean all parameters for all variants
Change component parameters (AddParameter): Name = "Ch?ng Lo?i"; Value = "Tr?"; VariantName = "[No Variations]"
Change component parameters (AddParameter): Name = "Ki?u Chân"; Value = "DIP"; VariantName = "[No Variations]"
Change component parameters (AddParameter): Name = "Noi bán"; Value = "banlinhkien.com"; VariantName = "[No Variations]"
Change component parameters (AddParameter): Name = "S? Chân"; Value = "2"; VariantName = "[No Variations]"
Change component parameters (AddParameter): Name = "Tên LK"; Value = "Tr? V?ch 1/4W 5% 560R (50c)"; VariantName = "[No Variations]"
Change component parameters (AddParameter): Name = "ÐVT"; Value = "Con"; VariantName = "[No Variations]"
Change component parameters: Designator = "R4"; Footprint = "Tro Vach 1/4W"; UniqueID = "\MLIEIEUB"
Change component parameters. Clean all parameters for all variants
Change component parameters (AddParameter): Name = "Ch?ng Lo?i"; Value = "Tr?"; VariantName = "[No Variations]"
Change component parameters (AddParameter): Name = "Ki?u Chân"; Value = "DIP"; VariantName = "[No Variations]"
Change component parameters (AddParameter): Name = "Noi bán"; Value = "banlinhkien.com"; VariantName = "[No Variations]"
Change component parameters (AddParameter): Name = "S? Chân"; Value = "2"; VariantName = "[No Variations]"
Change component parameters (AddParameter): Name = "Tên LK"; Value = "Tr? V?ch 1/4W 5% 560R (50c)"; VariantName = "[No Variations]"
Change component parameters (AddParameter): Name = "ÐVT"; Value = "Con"; VariantName = "[No Variations]"
Change component parameters: Designator = "R5"; Footprint = "Tro Vach 1/4W"; UniqueID = "\ESIASRUT"
Change component parameters. Clean all parameters for all variants
Change component parameters (AddParameter): Name = "Ch?ng Lo?i"; Value = "Tr?"; VariantName = "[No Variations]"
Change component parameters (AddParameter): Name = "Ki?u Chân"; Value = "DIP"; VariantName = "[No Variations]"
Change component parameters (AddParameter): Name = "Noi Bán"; Value = "banlinhkien.com"; VariantName = "[No Variations]"
Change component parameters (AddParameter): Name = "S? Chân"; Value = "2"; VariantName = "[No Variations]"
Change component parameters (AddParameter): Name = "Tên LK"; Value = "Tr? V?ch 1/4W 5% 1K (50c)"; VariantName = "[No Variations]"
Change component parameters (AddParameter): Name = "ÐVT"; Value = "Con"; VariantName = "[No Variations]"
Change component parameters: Designator = "R6"; Footprint = "Tro Vach 1/4W"; UniqueID = "\UUXXOGUE"
Change component parameters. Clean all parameters for all variants
Change component parameters (AddParameter): Name = "Ch?ng Lo?i"; Value = "Tr?"; VariantName = "[No Variations]"
Change component parameters (AddParameter): Name = "Ki?u Chân"; Value = "DIP"; VariantName = "[No Variations]"
Change component parameters (AddParameter): Name = "Noi Bán"; Value = "banlinhkien.com"; VariantName = "[No Variations]"
Change component parameters (AddParameter): Name = "S? Chân"; Value = "2"; VariantName = "[No Variations]"
Change component parameters (AddParameter): Name = "Tên LK"; Value = "Tr? V?ch 1/4W 5% 1K (50c)"; VariantName = "[No Variations]"
Change component parameters (AddParameter): Name = "ÐVT"; Value = "Con"; VariantName = "[No Variations]"
Change component parameters: Designator = "R7"; Footprint = "Tro Vach 1/4W"; UniqueID = "\FYOWIIHC"
Change component parameters. Clean all parameters for all variants
Change component parameters (AddParameter): Name = "Ch?ng Lo?i"; Value = "Tr?"; VariantName = "[No Variations]"
Change component parameters (AddParameter): Name = "Ki?u Chân"; Value = "DIP"; VariantName = "[No Variations]"
Change component parameters (AddParameter): Name = "Noi Bán"; Value = "banlinhkien.com"; VariantName = "[No Variations]"
Change component parameters (AddParameter): Name = "S? Chân"; Value = "2"; VariantName = "[No Variations]"
Change component parameters (AddParameter): Name = "Tên LK"; Value = "Tr? V?ch 1/4W 5% 1K (50c)"; VariantName = "[No Variations]"
Change component parameters (AddParameter): Name = "ÐVT"; Value = "Con"; VariantName = "[No Variations]"
Change component parameters: Designator = "R8"; Footprint = "Tro Vach 1/4W"; UniqueID = "\AIULWUDA"
Change component parameters. Clean all parameters for all variants
Change component parameters (AddParameter): Name = "Ch?ng Lo?i"; Value = "Tr?"; VariantName = "[No Variations]"
Change component parameters (AddParameter): Name = "Ki?u Chân"; Value = "DIP"; VariantName = "[No Variations]"
Change component parameters (AddParameter): Name = "Noi bán"; Value = "banlinhkien.com"; VariantName = "[No Variations]"
Change component parameters (AddParameter): Name = "S? Chân"; Value = "2"; VariantName = "[No Variations]"
Change component parameters (AddParameter): Name = "Tên LK"; Value = "Tr? V?ch 1/4W 5% 220R (50c)"; VariantName = "[No Variations]"
Change component parameters (AddParameter): Name = "ÐVT"; Value = "Con"; VariantName = "[No Variations]"
Change component parameters: Designator = "R9"; Footprint = "Tro Vach 1/4W"; UniqueID = "\AQNPWKHT"
Change component parameters. Clean all parameters for all variants
Change component parameters (AddParameter): Name = "Ch?ng Lo?i"; Value = "Tr?"; VariantName = "[No Variations]"
Change component parameters (AddParameter): Name = "Ki?u Chân"; Value = "DIP"; VariantName = "[No Variations]"
Change component parameters (AddParameter): Name = "Noi Bán"; Value = "banlinhkien.com"; VariantName = "[No Variations]"
Change component parameters (AddParameter): Name = "S? Chân"; Value = "2"; VariantName = "[No Variations]"
Change component parameters (AddParameter): Name = "Tên LK"; Value = "Tr? V?ch 1/4W 5% 10K (50c)"; VariantName = "[No Variations]"
Change component parameters (AddParameter): Name = "ÐVT"; Value = "Con"; VariantName = "[No Variations]"
Change component parameters: Designator = "R11"; Footprint = "Tro Vach 1/4W"; UniqueID = "\RPOMJPOK"
Change component parameters. Clean all parameters for all variants
Change component parameters (AddParameter): Name = "Ch?ng Lo?i"; Value = "Tr?"; VariantName = "[No Variations]"
Change component parameters (AddParameter): Name = "Ki?u Chân"; Value = "DIP"; VariantName = "[No Variations]"
Change component parameters (AddParameter): Name = "Noi Bán"; Value = "banlinhkien.com"; VariantName = "[No Variations]"
Change component parameters (AddParameter): Name = "S? Chân"; Value = "2"; VariantName = "[No Variations]"
Change component parameters (AddParameter): Name = "Tên LK"; Value = "Tr? V?ch 1/4W 5% 100R (50c)"; VariantName = "[No Variations]"
Change component parameters (AddParameter): Name = "ÐVT"; Value = "Con"; VariantName = "[No Variations]"
