Removed Pin From Net: NetName=NetLED1_1 Pin=LED1-1
Removed Pin From Net: NetName=NetLED1_1 Pin=R1-2
Added Component: Designator=BT1(Button 4pin nho)
Add component. Clean all parameters for all variants
Add component (AddParameter): Name = "Ch?ng Lo?i"; Value = "Button"; VariantName = "[No Variations]"
Add component (AddParameter): Name = "Ki?u Chân"; Value = "6x6"; VariantName = "[No Variations]"
Add component (AddParameter): Name = "Mã MH"; Value = "MH004077"; VariantName = "[No Variations]"
Add component (AddParameter): Name = "S? Chân"; Value = "4"; VariantName = "[No Variations]"
Add component (AddParameter): Name = "Tên LK"; Value = "Nút Nh?n 4 Chân 6x6x9MM DIP"; VariantName = "[No Variations]"
Add component (AddParameter): Name = "ÐVT"; Value = "Con"; VariantName = "[No Variations]"
Added Component: Designator=BT2(Button 4pin nho)
Add component. Clean all parameters for all variants
Add component (AddParameter): Name = "Ch?ng Lo?i"; Value = "Button"; VariantName = "[No Variations]"
Add component (AddParameter): Name = "Ki?u Chân"; Value = "6x6"; VariantName = "[No Variations]"
Add component (AddParameter): Name = "Mã MH"; Value = "MH004077"; VariantName = "[No Variations]"
Add component (AddParameter): Name = "S? Chân"; Value = "4"; VariantName = "[No Variations]"
Add component (AddParameter): Name = "Tên LK"; Value = "Nút Nh?n 4 Chân 6x6x9MM DIP"; VariantName = "[No Variations]"
Add component (AddParameter): Name = "ÐVT"; Value = "Con"; VariantName = "[No Variations]"
Added Component: Designator=H2(Jump 3)
Add component. Clean all parameters for all variants
Add component (AddParameter): Name = "Ch?ng Lo?i"; Value = "Connector"; VariantName = "[No Variations]"
Add component (AddParameter): Name = "Ki?u Chân"; Value = "DIP 2.54"; VariantName = "[No Variations]"
Add component (AddParameter): Name = "Mã MH"; Value = "MH001164"; VariantName = "[No Variations]"
Add component (AddParameter): Name = "S? Chân"; Value = "3"; VariantName = "[No Variations]"
Add component (AddParameter): Name = "Tên LK"; Value = "Jump Ðon Ð?c 2.0MM 1x40P Th?ng"; VariantName = "[No Variations]"
Add component (AddParameter): Name = "ÐVT"; Value = "Cái"; VariantName = "[No Variations]"
Added Component: Designator=O4(PC817 DIP)
Add component. Clean all parameters for all variants
Add component (AddParameter): Name = "Ch?ng Lo?i"; Value = "Opto Quang"; VariantName = "[No Variations]"
Add component (AddParameter): Name = "Ki?u Chân"; Value = "DIP"; VariantName = "[No Variations]"
Add component (AddParameter): Name = "Mã MH"; Value = "MH000638"; VariantName = "[No Variations]"
Add component (AddParameter): Name = "S? Chân"; Value = "4"; VariantName = "[No Variations]"
Add component (AddParameter): Name = "Tên LK"; Value = "EL817 DIP4 OPTO (Thay Th? PC817 DIP)"; VariantName = "[No Variations]"
Add component (AddParameter): Name = "ÐVT"; Value = "Con"; VariantName = "[No Variations]"
Added Component: Designator=R8(Tro Vach 1/4W)
Add component. Clean all parameters for all variants
Add component (AddParameter): Name = "Ch?ng Lo?i"; Value = "Tr?"; VariantName = "[No Variations]"
Add component (AddParameter): Name = "Ki?u Chân"; Value = "DIP"; VariantName = "[No Variations]"
Add component (AddParameter): Name = "Noi bán"; Value = "banlinhkien.com"; VariantName = "[No Variations]"
Add component (AddParameter): Name = "S? Chân"; Value = "2"; VariantName = "[No Variations]"
Add component (AddParameter): Name = "Tên LK"; Value = "Tr? V?ch 1/4W 5% 220R (50c)"; VariantName = "[No Variations]"
Add component (AddParameter): Name = "ÐVT"; Value = "Con"; VariantName = "[No Variations]"
Added Component: Designator=R9(Tro Vach 1/4W)
Add component. Clean all parameters for all variants
Add component (AddParameter): Name = "Ch?ng Lo?i"; Value = "Tr?"; VariantName = "[No Variations]"
Add component (AddParameter): Name = "Ki?u Chân"; Value = "DIP"; VariantName = "[No Variations]"
Add component (AddParameter): Name = "Noi Bán"; Value = "banlinhkien.com"; VariantName = "[No Variations]"
Add component (AddParameter): Name = "S? Chân"; Value = "2"; VariantName = "[No Variations]"
Add component (AddParameter): Name = "Tên LK"; Value = "Tr? V?ch 1/4W 5% 10K (50c)"; VariantName = "[No Variations]"
Add component (AddParameter): Name = "ÐVT"; Value = "Con"; VariantName = "[No Variations]"
Added Component: Designator=R10(Tro Vach 1/4W)
Add component. Clean all parameters for all variants
Add component (AddParameter): Name = "Ch?ng Lo?i"; Value = "Tr?"; VariantName = "[No Variations]"
Add component (AddParameter): Name = "Ki?u Chân"; Value = "DIP"; VariantName = "[No Variations]"
Add component (AddParameter): Name = "Noi Bán"; Value = "banlinhkien.com"; VariantName = "[No Variations]"
Add component (AddParameter): Name = "S? Chân"; Value = "2"; VariantName = "[No Variations]"
Add component (AddParameter): Name = "Tên LK"; Value = "Tr? V?ch 1/4W 5% 10K (50c)"; VariantName = "[No Variations]"
Add component (AddParameter): Name = "ÐVT"; Value = "Con"; VariantName = "[No Variations]"
Added Component: Designator=R11(Tro Vach 1/4W)
Add component. Clean all parameters for all variants
Add component (AddParameter): Name = "Ch?ng Lo?i"; Value = "Tr?"; VariantName = "[No Variations]"
Add component (AddParameter): Name = "Ki?u Chân"; Value = "DIP"; VariantName = "[No Variations]"
Add component (AddParameter): Name = "Noi Bán"; Value = "banlinhkien.com"; VariantName = "[No Variations]"
Add component (AddParameter): Name = "S? Chân"; Value = "2"; VariantName = "[No Variations]"
Add component (AddParameter): Name = "Tên LK"; Value = "Tr? V?ch 1/4W 5% 100R (50c)"; VariantName = "[No Variations]"
Add component (AddParameter): Name = "ÐVT"; Value = "Con"; VariantName = "[No Variations]"
Added Pin To Net: NetName=NetLED1_1 Pin=Arduino NANO 1-13
Added Pin To Net: NetName=GND Pin=BT1-1
Added Pin To Net: NetName=GND Pin=BT1-1
Added Pin To Net: NetName=GND Pin=BT2-1
Added Pin To Net: NetName=GND Pin=BT2-1
Added Pin To Net: NetName=GND Pin=H2-2
Added Pin To Net: NetName=GND Pin=O4-2
Added Pin To Net: NetName=GND Pin=O4-3
Change Net Name : Old Net Name=NetLED1_1 New Net Name=NetArduino NANO 1_13
Added Pin To Net: NetName=NetBT1_2 Pin=BT1-2
Added Pin To Net: NetName=NetBT1_2 Pin=BT1-2
Added Pin To Net: NetName=NetBT1_2 Pin=R10-1
Added Net: Name=NetBT1_2
Added Pin To Net: NetName=NetBT2_2 Pin=BT2-2
Added Pin To Net: NetName=NetBT2_2 Pin=BT2-2
Added Pin To Net: NetName=NetBT2_2 Pin=R11-1
Added Net: Name=NetBT2_2
Added Pin To Net: NetName=NetH2_1 Pin=H2-1
Added Pin To Net: NetName=NetH2_1 Pin=R11-2
Added Net: Name=NetH2_1
Added Pin To Net: NetName=NetH2_3 Pin=H2-3
Added Net: Name=NetH2_3
Added Pin To Net: NetName=NetO4_1 Pin=O4-1
Added Pin To Net: NetName=NetO4_1 Pin=R8-2
Added Net: Name=NetO4_1
Added Pin To Net: NetName=NetO4_4 Pin=O4-4
Added Pin To Net: NetName=NetO4_4 Pin=R9-1
Added Net: Name=NetO4_4
Added Pin To Net: NetName=NetPI 1_13 Pin=PI 1-13
Added Pin To Net: NetName=NetPI 1_13 Pin=R8-1
Added Net: Name=NetPI 1_13
Added Pin To Net: NetName=NetR9_2 Pin=R9-2
Added Pin To Net: NetName=NetR9_2 Pin=R10-2
Added Net: Name=NetR9_2
Added Member To Class: ClassName=Raspberry_UART_Arduino_Schematic Member=Component BT1 BT 4P 6x6
Added Member To Class: ClassName=Raspberry_UART_Arduino_Schematic Member=Component BT2 BT 4P 6x6
Added Member To Class: ClassName=Raspberry_UART_Arduino_Schematic Member=Component H2 JUMP 3P
Added Member To Class: ClassName=Raspberry_UART_Arduino_Schematic Member=Component O4 Opto
Added Member To Class: ClassName=Raspberry_UART_Arduino_Schematic Member=Component R8 220R
Added Member To Class: ClassName=Raspberry_UART_Arduino_Schematic Member=Component R9 10K
Added Member To Class: ClassName=Raspberry_UART_Arduino_Schematic Member=Component R10 10K
Added Member To Class: ClassName=Raspberry_UART_Arduino_Schematic Member=Component R11 1K
